Using pre-set license
Built from '2022.3/staging' branch; Version is '2022.3.11f1 (d00248457e15) revision 13632072'; Using compiler version '192829333'; Build Type 'Release'
OS: 'Windows 10  (10.0.19045) 64bit Professional' Language: 'en' Physical Memory: 7097 MB
BatchMode: 1, IsHumanControllingUs: 0, StartBugReporterOnCrash: 0, Is64bit: 1, IsPro: 1

COMMAND LINE ARGUMENTS:
D:\Games\UnityEditor\2022.3.11f1\Editor\Unity.exe
-adb2
-batchMode
-noUpm
-name
AssetImportWorker0
-projectPath
D:/csharp-projects/UnityGames/MilitaryGame
-logFile
Logs/AssetImportWorker0.log
-srvPort
63096
Successfully changed project path to: D:/csharp-projects/UnityGames/MilitaryGame
D:/csharp-projects/UnityGames/MilitaryGame
[UnityMemory] Configuration Parameters - Can be set up in boot.config
    "memorysetup-bucket-allocator-granularity=16"
    "memorysetup-bucket-allocator-bucket-count=8"
    "memorysetup-bucket-allocator-block-size=33554432"
    "memorysetup-bucket-allocator-block-count=8"
    "memorysetup-main-allocator-block-size=16777216"
    "memorysetup-thread-allocator-block-size=16777216"
    "memorysetup-gfx-main-allocator-block-size=16777216"
    "memorysetup-gfx-thread-allocator-block-size=16777216"
    "memorysetup-cache-allocator-block-size=4194304"
    "memorysetup-typetree-allocator-block-size=2097152"
    "memorysetup-profiler-bucket-allocator-granularity=16"
    "memorysetup-profiler-bucket-allocator-bucket-count=8"
    "memorysetup-profiler-bucket-allocator-block-size=33554432"
    "memorysetup-profiler-bucket-allocator-block-count=8"
    "memorysetup-profiler-allocator-block-size=16777216"
    "memorysetup-profiler-editor-allocator-block-size=1048576"
    "memorysetup-temp-allocator-size-main=16777216"
    "memorysetup-job-temp-allocator-block-size=2097152"
    "memorysetup-job-temp-allocator-block-size-background=1048576"
    "memorysetup-job-temp-allocator-reduction-small-platforms=262144"
    "memorysetup-allocator-temp-initial-block-size-main=262144"
    "memorysetup-allocator-temp-initial-block-size-worker=262144"
    "memorysetup-temp-allocator-size-background-worker=32768"
    "memorysetup-temp-allocator-size-job-worker=262144"
    "memorysetup-temp-allocator-size-preload-manager=33554432"
    "memorysetup-temp-allocator-size-nav-mesh-worker=65536"
    "memorysetup-temp-allocator-size-audio-worker=65536"
    "memorysetup-temp-allocator-size-cloud-worker=32768"
    "memorysetup-temp-allocator-size-gi-baking-worker=262144"
    "memorysetup-temp-allocator-size-gfx=262144"
Player connection [6992] Host "[IP] 192.168.1.4 [Port] 0 [Flags] 2 [Guid] 240405446 [EditorId] 240405446 [Version] 1048832 [Id] WindowsEditor(7,DESKTOP-B7HCMV4) [Debug] 1 [PackageName] WindowsEditor [ProjectName] Editor" joined multi-casting on [225.0.0.222:54997]...

Player connection [6992] Host "[IP] 192.168.1.4 [Port] 0 [Flags] 2 [Guid] 240405446 [EditorId] 240405446 [Version] 1048832 [Id] WindowsEditor(7,DESKTOP-B7HCMV4) [Debug] 1 [PackageName] WindowsEditor [ProjectName] Editor" joined alternative multi-casting on [225.0.0.222:34997]...

[Physics::Module] Initialized MultithreadedJobDispatcher with 7 workers.
Refreshing native plugins compatible for Editor in 57.74 ms, found 3 plugins.
Preloading 0 native plugins for Editor in 0.00 ms.
Initialize engine version: 2022.3.11f1 (d00248457e15)
[Subsystems] Discovering subsystems at path D:/Games/UnityEditor/2022.3.11f1/Editor/Data/Resources/UnitySubsystems
[Subsystems] Discovering subsystems at path D:/csharp-projects/UnityGames/MilitaryGame/Assets
GfxDevice: creating device client; threaded=0; jobified=0
Direct3D:
    Version:  Direct3D 11.0 [level 11.1]
    Renderer: NVIDIA GeForce GTX 1050 Ti (ID=0x1c82)
    Vendor:   NVIDIA
    VRAM:     4017 MB
    Driver:   31.0.15.4584
Initialize mono
Mono path[0] = 'D:/Games/UnityEditor/2022.3.11f1/Editor/Data/Managed'
Mono path[1] = 'D:/Games/UnityEditor/2022.3.11f1/Editor/Data/MonoBleedingEdge/lib/mono/unityjit-win32'
Mono config path = 'D:/Games/UnityEditor/2022.3.11f1/Editor/Data/MonoBleedingEdge/etc'
Using monoOptions --debugger-agent=transport=dt_socket,embedding=1,server=y,suspend=n,address=127.0.0.1:56156
Begin MonoManager ReloadAssembly
Registering precompiled unity dll's ...
Register platform support module: D:/Games/UnityEditor/2022.3.11f1/Editor/Data/PlaybackEngines/WebGLSupport/UnityEditor.WebGL.Extensions.dll
Register platform support module: D:/Games/UnityEditor/2022.3.11f1/Editor/Data/PlaybackEngines/WindowsStandaloneSupport/UnityEditor.WindowsStandalone.Extensions.dll
Registered in 0.020432 seconds.
- Loaded All Assemblies, in  1.444 seconds
Native extension for WindowsStandalone target not found
Native extension for WebGL target not found
Mono: successfully reloaded assembly
- Finished resetting the current domain, in  1.722 seconds
Domain Reload Profiling: 3168ms
	BeginReloadAssembly (477ms)
		ExecutionOrderSort (0ms)
		DisableScriptedObjects (0ms)
		BackupInstance (0ms)
		ReleaseScriptingObjects (0ms)
		CreateAndSetChildDomain (4ms)
	RebuildCommonClasses (153ms)
	RebuildNativeTypeToScriptingClass (37ms)
	initialDomainReloadingComplete (212ms)
	LoadAllAssembliesAndSetupDomain (564ms)
		LoadAssemblies (477ms)
		RebuildTransferFunctionScriptingTraits (0ms)
		AnalyzeDomain (555ms)
			TypeCache.Refresh (549ms)
				TypeCache.ScanAssembly (497ms)
			ScanForSourceGeneratedMonoScriptInfo (1ms)
			ResolveRequiredComponents (4ms)
	FinalizeReload (1725ms)
		ReleaseScriptCaches (0ms)
		RebuildScriptCaches (0ms)
		SetupLoadedEditorAssemblies (1402ms)
			LogAssemblyErrors (0ms)
			InitializePlatformSupportModulesInManaged (94ms)
			SetLoadedEditorAssemblies (26ms)
			RefreshPlugins (0ms)
			BeforeProcessingInitializeOnLoad (14ms)
			ProcessInitializeOnLoadAttributes (1140ms)
			ProcessInitializeOnLoadMethodAttributes (127ms)
			AfterProcessingInitializeOnLoad (0ms)
			EditorAssembliesLoaded (0ms)
		ExecutionOrderSort2 (0ms)
		AwakeInstancesAfterBackupRestoration (0ms)
========================================================================
Worker process is ready to serve import requests
Begin MonoManager ReloadAssembly
- Loaded All Assemblies, in  2.894 seconds
Refreshing native plugins compatible for Editor in 10.89 ms, found 3 plugins.
Native extension for WindowsStandalone target not found
Native extension for WebGL target not found
Package Manager log level set to [2]
[Package Manager] Server::EnsureServerProcessIsRunning -- launch failed, reason: Unity was launched with the -noUpm command-line argument
[Package Manager] UpmClient::Send -- Unable to send message (not connected to UPM process).
[Package Manager] Cannot connect to Unity Package Manager local server
Mono: successfully reloaded assembly
- Finished resetting the current domain, in  1.771 seconds
Domain Reload Profiling: 4666ms
	BeginReloadAssembly (646ms)
		ExecutionOrderSort (0ms)
		DisableScriptedObjects (15ms)
		BackupInstance (0ms)
		ReleaseScriptingObjects (0ms)
		CreateAndSetChildDomain (59ms)
	RebuildCommonClasses (122ms)
	RebuildNativeTypeToScriptingClass (31ms)
	initialDomainReloadingComplete (199ms)
	LoadAllAssembliesAndSetupDomain (1893ms)
		LoadAssemblies (1811ms)
		RebuildTransferFunctionScriptingTraits (0ms)
		AnalyzeDomain (559ms)
			TypeCache.Refresh (517ms)
				TypeCache.ScanAssembly (344ms)
			ScanForSourceGeneratedMonoScriptInfo (31ms)
			ResolveRequiredComponents (8ms)
	FinalizeReload (1775ms)
		ReleaseScriptCaches (0ms)
		RebuildScriptCaches (0ms)
		SetupLoadedEditorAssemblies (1261ms)
			LogAssemblyErrors (0ms)
			InitializePlatformSupportModulesInManaged (26ms)
			SetLoadedEditorAssemblies (12ms)
			RefreshPlugins (0ms)
			BeforeProcessingInitializeOnLoad (150ms)
			ProcessInitializeOnLoadAttributes (1020ms)
			ProcessInitializeOnLoadMethodAttributes (45ms)
			AfterProcessingInitializeOnLoad (6ms)
			EditorAssembliesLoaded (2ms)
		ExecutionOrderSort2 (0ms)
		AwakeInstancesAfterBackupRestoration (18ms)
Launched and connected shader compiler UnityShaderCompiler.exe after 0.19 seconds
Refreshing native plugins compatible for Editor in 7.73 ms, found 3 plugins.
Preloading 0 native plugins for Editor in 0.00 ms.
Unloading 3081 Unused Serialized files (Serialized files now loaded: 0)
Unloading 32 unused Assets / (56.9 KB). Loaded Objects now: 3542.
Memory consumption went from 120.5 MB to 120.5 MB.
Total: 6.797200 ms (FindLiveObjects: 0.380900 ms CreateObjectMapping: 0.146600 ms MarkObjects: 5.747400 ms  DeleteObjects: 0.520300 ms)

AssetImportParameters requested are different than current active one (requested -> active):
  custom:container-demuxer-ogg: 62fdf1f143b41e24485cea50d1cbac27 -> 
  custom:video-decoder-ogg-theora: a1e56fd34408186e4bbccfd4996cb3dc -> 
  custom:framework-win-MediaFoundation: 216162199b28c13a410421893ffa2e32 -> 
  custom:CustomObjectIndexerAttribute: 756ad292c208cfabdd7b50bc23989ffe -> 
  custom:container-demuxer-webm: 4f35f7cbe854078d1ac9338744f61a02 -> 
  custom:container-muxer-webm: aa71ff27fc2769a1b78a27578f13a17b -> 
  custom:video-decoder-webm-vp8: 9c59270c3fd7afecdb556c50c9e8de78 -> 
  custom:SearchIndexIgnoredProperties: e643bd26f0fe6173181afceb89e7c659 -> 
  custom:AudioImporter_EditorPlatform: d09bf68614088b80899f8185d706f6e7 -> 
  custom:video-encoder-webm-vp8: eb34c28f22e8b96e1ab97ce403110664 -> 
  custom:audio-decoder-ogg-vorbis: bf7c407c2cedff20999df2af8eb42d56 -> 
  custom:audio-encoder-webm-vorbis: bf7c407c2cedff20999df2af8eb42d56 -> 
========================================================================
Received Import Request.
  Time since last request: 1222360.611573 seconds.
  path: Assets/Military_free
  artifactKey: Guid(022a1b0f34f5b614b83f3d4dc2d33bac) Importer(815301076,1909f56bfc062723c751e8b465ee728b)
Start importing Assets/Military_free using Guid(022a1b0f34f5b614b83f3d4dc2d33bac) Importer(815301076,1909f56bfc062723c751e8b465ee728b)  -> (artifact id: '5ac3e7387c875362416aae00b90a7f43') in 0.006025 seconds
Number of updated asset objects reloaded before import = 0
Number of asset objects unloaded after import = 0
========================================================================
Received Import Request.
  Time since last request: 0.978421 seconds.
  path: Assets/Military_free/Meshes
  artifactKey: Guid(1e36f8ac7b22a7b4290c59cb15515207) Importer(815301076,1909f56bfc062723c751e8b465ee728b)
Start importing Assets/Military_free/Meshes using Guid(1e36f8ac7b22a7b4290c59cb15515207) Importer(815301076,1909f56bfc062723c751e8b465ee728b)  -> (artifact id: 'ab169b7243d216ccc0276ccf5c512a93') in 0.000582 seconds
Number of updated asset objects reloaded before import = 0
Number of asset objects unloaded after import = 0
========================================================================
Received Import Request.
  Time since last request: 0.081865 seconds.
  path: Assets/Military_free/Meshes/barrel_001.fbx
  artifactKey: Guid(f12057de50129364084359eec145945b) Importer(815301076,1909f56bfc062723c751e8b465ee728b)
Start importing Assets/Military_free/Meshes/barrel_001.fbx using Guid(f12057de50129364084359eec145945b) Importer(815301076,1909f56bfc062723c751e8b465ee728b)  -> (artifact id: '405ab8f0371d141adcc640f7e2dc297d') in 0.749837 seconds
Number of updated asset objects reloaded before import = 0
Number of asset objects unloaded after import = 9
========================================================================
Received Import Request.
  Time since last request: 0.000056 seconds.
  path: Assets/Military_free/Meshes/box_010.fbx
  artifactKey: Guid(d175b64fa5d2f71409ea286281a81bf0) Importer(815301076,1909f56bfc062723c751e8b465ee728b)
Start importing Assets/Military_free/Meshes/box_010.fbx using Guid(d175b64fa5d2f71409ea286281a81bf0) Importer(815301076,1909f56bfc062723c751e8b465ee728b)  -> (artifact id: 'aa62f4d32bd98ca6ab7c15ffcd1ce5ed') in 0.038071 seconds
Number of updated asset objects reloaded before import = 0
Number of asset objects unloaded after import = 9
========================================================================
Received Import Request.
  Time since last request: 0.000043 seconds.
  path: Assets/Military_free/Meshes/container_001.fbx
  artifactKey: Guid(3c2812a763773774fb5b5a5767178b55) Importer(815301076,1909f56bfc062723c751e8b465ee728b)
Start importing Assets/Military_free/Meshes/container_001.fbx using Guid(3c2812a763773774fb5b5a5767178b55) Importer(815301076,1909f56bfc062723c751e8b465ee728b)  -> (artifact id: 'be33bbb44197ebb68b4cd8a9d0a17c76') in 0.033006 seconds
Number of updated asset objects reloaded before import = 0
Number of asset objects unloaded after import = 9
========================================================================
Received Import Request.
  Time since last request: 0.000041 seconds.
  path: Assets/Military_free/Meshes/tower_001.fbx
  artifactKey: Guid(3a61145181a5bc94fa4e9766e3fd364e) Importer(815301076,1909f56bfc062723c751e8b465ee728b)
Start importing Assets/Military_free/Meshes/tower_001.fbx using Guid(3a61145181a5bc94fa4e9766e3fd364e) Importer(815301076,1909f56bfc062723c751e8b465ee728b)  -> (artifact id: '24947a4f9e8b02bf170fffd0d428ed4f') in 0.034883 seconds
Number of updated asset objects reloaded before import = 0
Number of asset objects unloaded after import = 9
========================================================================
Received Import Request.
  Time since last request: 0.000060 seconds.
  path: Assets/Military_free/Meshes/tank_tower_001.fbx
  artifactKey: Guid(0947da528d1ed8841a435ae6d0c2f6bc) Importer(815301076,1909f56bfc062723c751e8b465ee728b)
Start importing Assets/Military_free/Meshes/tank_tower_001.fbx using Guid(0947da528d1ed8841a435ae6d0c2f6bc) Importer(815301076,1909f56bfc062723c751e8b465ee728b)  -> (artifact id: '44224ef79b497b14a368b045c1210608') in 0.051466 seconds
Number of updated asset objects reloaded before import = 0
Number of asset objects unloaded after import = 11
========================================================================
Received Import Request.
  Time since last request: 0.000032 seconds.
  path: Assets/Military_free/Meshes/box_009.fbx
  artifactKey: Guid(ff7d5124e1d7391458a791d4a921ed18) Importer(815301076,1909f56bfc062723c751e8b465ee728b)
Start importing Assets/Military_free/Meshes/box_009.fbx using Guid(ff7d5124e1d7391458a791d4a921ed18) Importer(815301076,1909f56bfc062723c751e8b465ee728b)  -> (artifact id: '0aed45691c422e1c8fd608c03972db4b') in 0.033754 seconds
Number of updated asset objects reloaded before import = 0
Number of asset objects unloaded after import = 9
========================================================================
Received Import Request.
  Time since last request: 0.000033 seconds.
  path: Assets/Military_free/Meshes/conditioner_001.fbx
  artifactKey: Guid(58b4331b948c9114da705118313f2602) Importer(815301076,1909f56bfc062723c751e8b465ee728b)
Start importing Assets/Military_free/Meshes/conditioner_001.fbx using Guid(58b4331b948c9114da705118313f2602) Importer(815301076,1909f56bfc062723c751e8b465ee728b)  -> (artifact id: '42b58477f9cf10e28013af89b7118cc8') in 0.040932 seconds
Number of updated asset objects reloaded before import = 0
Number of asset objects unloaded after import = 11
========================================================================
Received Import Request.
  Time since last request: 0.000056 seconds.
  path: Assets/Military_free/Meshes/table_001.fbx
  artifactKey: Guid(79f3e412f886f274d9b89e9e3f1b7883) Importer(815301076,1909f56bfc062723c751e8b465ee728b)
Start importing Assets/Military_free/Meshes/table_001.fbx using Guid(79f3e412f886f274d9b89e9e3f1b7883) Importer(815301076,1909f56bfc062723c751e8b465ee728b)  -> (artifact id: 'eb930472434b6dd83ec584999001f4b8') in 0.035179 seconds
Number of updated asset objects reloaded before import = 0
Number of asset objects unloaded after import = 9
========================================================================
Received Import Request.
  Time since last request: 0.000040 seconds.
  path: Assets/Military_free/Meshes/box_003.fbx
  artifactKey: Guid(56c4d6517362434499c7bc2ffbd94001) Importer(815301076,1909f56bfc062723c751e8b465ee728b)
Start importing Assets/Military_free/Meshes/box_003.fbx using Guid(56c4d6517362434499c7bc2ffbd94001) Importer(815301076,1909f56bfc062723c751e8b465ee728b)  -> (artifact id: 'ee06a391a81007646034fda579d2a380') in 0.036817 seconds
Number of updated asset objects reloaded before import = 0
Number of asset objects unloaded after import = 11
========================================================================
Received Import Request.
  Time since last request: 0.000036 seconds.
  path: Assets/Military_free/Meshes/target_001.fbx
  artifactKey: Guid(e533539dd8d528b4fb61fd8f55e4ccf0) Importer(815301076,1909f56bfc062723c751e8b465ee728b)
Start importing Assets/Military_free/Meshes/target_001.fbx using Guid(e533539dd8d528b4fb61fd8f55e4ccf0) Importer(815301076,1909f56bfc062723c751e8b465ee728b)  -> (artifact id: 'c94843ba7fea194bfa1b22172566a338') in 0.032025 seconds
Number of updated asset objects reloaded before import = 0
Number of asset objects unloaded after import = 9
========================================================================
Received Import Request.
  Time since last request: 0.000028 seconds.
  path: Assets/Military_free/Meshes/radiostation_001.fbx
  artifactKey: Guid(f274e175e0161714997d650b56172790) Importer(815301076,1909f56bfc062723c751e8b465ee728b)
Start importing Assets/Military_free/Meshes/radiostation_001.fbx using Guid(f274e175e0161714997d650b56172790) Importer(815301076,1909f56bfc062723c751e8b465ee728b)  -> (artifact id: 'a4d42aca3ffe072658893f4654e85cbc') in 0.038996 seconds
Number of updated asset objects reloaded before import = 0
Number of asset objects unloaded after import = 11
========================================================================
Received Import Request.
  Time since last request: 0.000037 seconds.
  path: Assets/Military_free/Meshes/mortar_001.fbx
  artifactKey: Guid(ac335510a8c518249af27fe6ee2907b9) Importer(815301076,1909f56bfc062723c751e8b465ee728b)
Start importing Assets/Military_free/Meshes/mortar_001.fbx using Guid(ac335510a8c518249af27fe6ee2907b9) Importer(815301076,1909f56bfc062723c751e8b465ee728b)  -> (artifact id: '80956d9bbedad5e93823a4b2d1075edd') in 0.030575 seconds
Number of updated asset objects reloaded before import = 0
Number of asset objects unloaded after import = 9
========================================================================
Received Import Request.
  Time since last request: 0.000060 seconds.
  path: Assets/Military_free/Meshes/barrel_003.fbx
  artifactKey: Guid(e67009e1cab30a8409ec64dbfb8ee818) Importer(815301076,1909f56bfc062723c751e8b465ee728b)
Start importing Assets/Military_free/Meshes/barrel_003.fbx using Guid(e67009e1cab30a8409ec64dbfb8ee818) Importer(815301076,1909f56bfc062723c751e8b465ee728b)  -> (artifact id: '2503265a9f5dddb219fedf0d400fc306') in 0.029772 seconds
Number of updated asset objects reloaded before import = 0
Number of asset objects unloaded after import = 9
========================================================================
Received Import Request.
  Time since last request: 1.749635 seconds.
  path: Assets/Military_free/Materials
  artifactKey: Guid(addf22b9651c9784eab52b08a8e068ec) Importer(815301076,1909f56bfc062723c751e8b465ee728b)
Start importing Assets/Military_free/Materials using Guid(addf22b9651c9784eab52b08a8e068ec) Importer(815301076,1909f56bfc062723c751e8b465ee728b)  -> (artifact id: '0b9bebe99945ed4b3a143ef1b4f0dd53') in 0.000680 seconds
Number of updated asset objects reloaded before import = 0
Number of asset objects unloaded after import = 0
========================================================================
Received Import Request.
  Time since last request: 0.075559 seconds.
  path: Assets/Military_free/Materials/Material.mat
  artifactKey: Guid(b19d7cac7201acd479d2777fc66864ac) Importer(815301076,1909f56bfc062723c751e8b465ee728b)
Start importing Assets/Military_free/Materials/Material.mat using Guid(b19d7cac7201acd479d2777fc66864ac) Importer(815301076,1909f56bfc062723c751e8b465ee728b)  -> (artifact id: '73e750ed9f4a75301ffb292986b4a9d0') in 0.143695 seconds
Number of updated asset objects reloaded before import = 0
Number of asset objects unloaded after import = 2
========================================================================
Received Import Request.
  Time since last request: 1.159298 seconds.
  path: Assets/Military_free/Prefabs
  artifactKey: Guid(0a628dab80294134ba3ec016dd3aba0b) Importer(815301076,1909f56bfc062723c751e8b465ee728b)
Start importing Assets/Military_free/Prefabs using Guid(0a628dab80294134ba3ec016dd3aba0b) Importer(815301076,1909f56bfc062723c751e8b465ee728b)  -> (artifact id: '31ea517644d509db2ea1c594a3eddb39') in 0.000797 seconds
Number of updated asset objects reloaded before import = 0
Number of asset objects unloaded after import = 0
========================================================================
Received Import Request.
  Time since last request: 0.055407 seconds.
  path: Assets/Military_free/Prefabs/barrel_001.prefab
  artifactKey: Guid(e1477e8dac1ff5a4db87dc4cafe4e4a9) Importer(815301076,1909f56bfc062723c751e8b465ee728b)
Start importing Assets/Military_free/Prefabs/barrel_001.prefab using Guid(e1477e8dac1ff5a4db87dc4cafe4e4a9) Importer(815301076,1909f56bfc062723c751e8b465ee728b)  -> (artifact id: 'fc9db76d3f2a52f9474b3c8642bde1c7') in 0.023372 seconds
Number of updated asset objects reloaded before import = 0
Number of asset objects unloaded after import = 16
========================================================================
Received Import Request.
  Time since last request: 0.000032 seconds.
  path: Assets/Military_free/Prefabs/container_001.prefab
  artifactKey: Guid(e3c2353a5dad81d4995f059154a2a97d) Importer(815301076,1909f56bfc062723c751e8b465ee728b)
Start importing Assets/Military_free/Prefabs/container_001.prefab using Guid(e3c2353a5dad81d4995f059154a2a97d) Importer(815301076,1909f56bfc062723c751e8b465ee728b)  -> (artifact id: 'ddccb46afd053d6bee71c415604d397e') in 0.028962 seconds
Number of updated asset objects reloaded before import = 0
Number of asset objects unloaded after import = 16
========================================================================
Received Import Request.
  Time since last request: 0.000101 seconds.
  path: Assets/Military_free/Prefabs/barrel_003.prefab
  artifactKey: Guid(8892bcbdfbd2af041a53b93db540868b) Importer(815301076,1909f56bfc062723c751e8b465ee728b)
Start importing Assets/Military_free/Prefabs/barrel_003.prefab using Guid(8892bcbdfbd2af041a53b93db540868b) Importer(815301076,1909f56bfc062723c751e8b465ee728b)  -> (artifact id: '1de06f8872ce4c39412a3f97d839bcfe') in 0.024716 seconds
Number of updated asset objects reloaded before import = 0
Number of asset objects unloaded after import = 16
========================================================================
Received Import Request.
  Time since last request: 0.000038 seconds.
  path: Assets/Military_free/Prefabs/tank_tower_001.prefab
  artifactKey: Guid(17913fee17d29a54aa3799052ac8dfca) Importer(815301076,1909f56bfc062723c751e8b465ee728b)
Start importing Assets/Military_free/Prefabs/tank_tower_001.prefab using Guid(17913fee17d29a54aa3799052ac8dfca) Importer(815301076,1909f56bfc062723c751e8b465ee728b)  -> (artifact id: '81b9138e970e86ced6ee3e2fe1e05c38') in 0.033448 seconds
Number of updated asset objects reloaded before import = 0
Number of asset objects unloaded after import = 18
========================================================================
Received Import Request.
  Time since last request: 0.000034 seconds.
  path: Assets/Military_free/Prefabs/box_004.prefab
  artifactKey: Guid(b96b0ab13165f8a4c94907ab74289177) Importer(815301076,1909f56bfc062723c751e8b465ee728b)
Start importing Assets/Military_free/Prefabs/box_004.prefab using Guid(b96b0ab13165f8a4c94907ab74289177) Importer(815301076,1909f56bfc062723c751e8b465ee728b)  -> (artifact id: 'da669c6586f15de64c9e92b348d4ea33') in 0.032667 seconds
Number of updated asset objects reloaded before import = 0
Number of asset objects unloaded after import = 18
========================================================================
Received Import Request.
  Time since last request: 0.000034 seconds.
  path: Assets/Military_free/Prefabs/box_010.prefab
  artifactKey: Guid(2d4642e9035901c40bc868fa48666f60) Importer(815301076,1909f56bfc062723c751e8b465ee728b)
Start importing Assets/Military_free/Prefabs/box_010.prefab using Guid(2d4642e9035901c40bc868fa48666f60) Importer(815301076,1909f56bfc062723c751e8b465ee728b)  -> (artifact id: 'ae22c8ad7f2f0f431cbed14b444802e4') in 0.026023 seconds
Number of updated asset objects reloaded before import = 0
Number of asset objects unloaded after import = 16
========================================================================
Received Import Request.
  Time since last request: 0.000025 seconds.
  path: Assets/Military_free/Prefabs/target_002.prefab
  artifactKey: Guid(0401febfdd78596449615d7138ef0ec7) Importer(815301076,1909f56bfc062723c751e8b465ee728b)
Start importing Assets/Military_free/Prefabs/target_002.prefab using Guid(0401febfdd78596449615d7138ef0ec7) Importer(815301076,1909f56bfc062723c751e8b465ee728b)  -> (artifact id: 'd9fc93bcba661227fc2e61c83c211d2b') in 0.029563 seconds
Number of updated asset objects reloaded before import = 0
Number of asset objects unloaded after import = 16
========================================================================
Received Import Request.
  Time since last request: 0.000053 seconds.
  path: Assets/Military_free/Prefabs/table_001.prefab
  artifactKey: Guid(885b27966bc894849b24e915dbbd00fd) Importer(815301076,1909f56bfc062723c751e8b465ee728b)
Start importing Assets/Military_free/Prefabs/table_001.prefab using Guid(885b27966bc894849b24e915dbbd00fd) Importer(815301076,1909f56bfc062723c751e8b465ee728b)  -> (artifact id: '5c30752dc058f4563b89c041a51ac37b') in 0.029143 seconds
Number of updated asset objects reloaded before import = 0
Number of asset objects unloaded after import = 16
========================================================================
Received Import Request.
  Time since last request: 0.000039 seconds.
  path: Assets/Military_free/Prefabs/tent_001.prefab
  artifactKey: Guid(2591709d1978df649aebd5b6b0a68773) Importer(815301076,1909f56bfc062723c751e8b465ee728b)
Start importing Assets/Military_free/Prefabs/tent_001.prefab using Guid(2591709d1978df649aebd5b6b0a68773) Importer(815301076,1909f56bfc062723c751e8b465ee728b)  -> (artifact id: '88ce1715cb66e159ff2a5bb189512e06') in 0.034673 seconds
Number of updated asset objects reloaded before import = 0
Number of asset objects unloaded after import = 18
========================================================================
Received Import Request.
  Time since last request: 0.000060 seconds.
  path: Assets/Military_free/Prefabs/radiostation_001.prefab
  artifactKey: Guid(0fadf0d96a8b06c44a075b5eeec5b6a5) Importer(815301076,1909f56bfc062723c751e8b465ee728b)
Start importing Assets/Military_free/Prefabs/radiostation_001.prefab using Guid(0fadf0d96a8b06c44a075b5eeec5b6a5) Importer(815301076,1909f56bfc062723c751e8b465ee728b)  -> (artifact id: '10ee2585de2d83d873e020788ef2c960') in 0.032051 seconds
Number of updated asset objects reloaded before import = 0
Number of asset objects unloaded after import = 18
========================================================================
Received Import Request.
  Time since last request: 0.000065 seconds.
  path: Assets/Military_free/Prefabs/box_008.prefab
  artifactKey: Guid(44f23cefaee182a44a3da5dad23ebb12) Importer(815301076,1909f56bfc062723c751e8b465ee728b)
Start importing Assets/Military_free/Prefabs/box_008.prefab using Guid(44f23cefaee182a44a3da5dad23ebb12) Importer(815301076,1909f56bfc062723c751e8b465ee728b)  -> (artifact id: 'a95efa475b1d25f649316f4e383c16b8') in 0.025291 seconds
Number of updated asset objects reloaded before import = 0
Number of asset objects unloaded after import = 16
========================================================================
Received Import Request.
  Time since last request: 0.000059 seconds.
  path: Assets/Military_free/Prefabs/tank_001.prefab
  artifactKey: Guid(8d88930f4b5393a4b9837786cfcd4d6e) Importer(815301076,1909f56bfc062723c751e8b465ee728b)
Start importing Assets/Military_free/Prefabs/tank_001.prefab using Guid(8d88930f4b5393a4b9837786cfcd4d6e) Importer(815301076,1909f56bfc062723c751e8b465ee728b)  -> (artifact id: '1094d526b4929907d603b036f40cfae4') in 0.029965 seconds
Number of updated asset objects reloaded before import = 0
Number of asset objects unloaded after import = 18
========================================================================
Received Import Request.
  Time since last request: 0.000037 seconds.
  path: Assets/Military_free/Prefabs/tank_gun_001.prefab
  artifactKey: Guid(26c9254e16295904f82785b80fc26662) Importer(815301076,1909f56bfc062723c751e8b465ee728b)
Start importing Assets/Military_free/Prefabs/tank_gun_001.prefab using Guid(26c9254e16295904f82785b80fc26662) Importer(815301076,1909f56bfc062723c751e8b465ee728b)  -> (artifact id: '63bde4dacb4b135d5d863619c1f53c7e') in 0.031019 seconds
Number of updated asset objects reloaded before import = 0
Number of asset objects unloaded after import = 16
========================================================================
Received Import Request.
  Time since last request: 0.000028 seconds.
  path: Assets/Military_free/Prefabs/hedgehog_001.prefab
  artifactKey: Guid(a71ea9ef9b659a24f8107f8b0b13cdce) Importer(815301076,1909f56bfc062723c751e8b465ee728b)
Start importing Assets/Military_free/Prefabs/hedgehog_001.prefab using Guid(a71ea9ef9b659a24f8107f8b0b13cdce) Importer(815301076,1909f56bfc062723c751e8b465ee728b)  -> (artifact id: '3c8cf078931d13babf19b80124c4ebec') in 0.024922 seconds
Number of updated asset objects reloaded before import = 0
Number of asset objects unloaded after import = 16
========================================================================
Received Import Request.
  Time since last request: 25.028188 seconds.
  path: Assets/Military_free/Scenes
  artifactKey: Guid(2a7296b2e6ac254419a3bd1670e34382) Importer(815301076,1909f56bfc062723c751e8b465ee728b)
Start importing Assets/Military_free/Scenes using Guid(2a7296b2e6ac254419a3bd1670e34382) Importer(815301076,1909f56bfc062723c751e8b465ee728b)  -> (artifact id: '853046150c5ce8a3245b5f46a98146a4') in 0.000776 seconds
Number of updated asset objects reloaded before import = 0
Number of asset objects unloaded after import = 0
========================================================================
Received Import Request.
  Time since last request: 1.530993 seconds.
  path: Assets/Military_free/Textures
  artifactKey: Guid(6a8bd570820d30747b29a2e75d3503ee) Importer(815301076,1909f56bfc062723c751e8b465ee728b)
Start importing Assets/Military_free/Textures using Guid(6a8bd570820d30747b29a2e75d3503ee) Importer(815301076,1909f56bfc062723c751e8b465ee728b)  -> (artifact id: '67d3439c67f62c33c29fed4da3bc2c83') in 0.000807 seconds
Number of updated asset objects reloaded before import = 0
Number of asset objects unloaded after import = 0
========================================================================
Received Import Request.
  Time since last request: 0.094843 seconds.
  path: Assets/Military_free/Textures/picture_1.png
  artifactKey: Guid(8c41223502a1c7b4b824e56472ace07d) Importer(815301076,1909f56bfc062723c751e8b465ee728b)
Start importing Assets/Military_free/Textures/picture_1.png using Guid(8c41223502a1c7b4b824e56472ace07d) Importer(815301076,1909f56bfc062723c751e8b465ee728b)  -> (artifact id: '0eedf9301975bd14b1eed45c6e8e0ba9') in 0.050921 seconds
Number of updated asset objects reloaded before import = 0
Number of asset objects unloaded after import = 2
========================================================================
Received Import Request.
  Time since last request: 932.213211 seconds.
  path: Assets/New Terrain.asset
  artifactKey: Guid(8355905813e03ca4fbbd895c7dd4a98c) Importer(815301076,1909f56bfc062723c751e8b465ee728b)
Start importing Assets/New Terrain.asset using Guid(8355905813e03ca4fbbd895c7dd4a98c) Importer(815301076,1909f56bfc062723c751e8b465ee728b)  -> (artifact id: '27353f012fbf38e8bf285ab8b43d34a2') in 0.028355 seconds
Number of updated asset objects reloaded before import = 0
Number of asset objects unloaded after import = 1
========================================================================
Received Import Request.
  Time since last request: 112.330377 seconds.
  path: Assets/New Terrain.asset
  artifactKey: Guid(8355905813e03ca4fbbd895c7dd4a98c) Importer(815301076,1909f56bfc062723c751e8b465ee728b)
Start importing Assets/New Terrain.asset using Guid(8355905813e03ca4fbbd895c7dd4a98c) Importer(815301076,1909f56bfc062723c751e8b465ee728b)  -> (artifact id: 'b3d78fe0071342a7d1f16cfea2754ba6') in 0.015251 seconds
Number of updated asset objects reloaded before import = 0
Number of asset objects unloaded after import = 1
========================================================================
Received Import Request.
  Time since last request: 20.062990 seconds.
  path: Assets/HQ Rocks/Terrain.asset
  artifactKey: Guid(39630a2958a312748a866bd7d6051961) Importer(815301076,1909f56bfc062723c751e8b465ee728b)
Start importing Assets/HQ Rocks/Terrain.asset using Guid(39630a2958a312748a866bd7d6051961) Importer(815301076,1909f56bfc062723c751e8b465ee728b)  -> (artifact id: 'b136f9bb36640877a54c388c5dc2e490') in 0.614661 seconds
Number of updated asset objects reloaded before import = 0
Number of asset objects unloaded after import = 6
========================================================================
Received Import Request.
  Time since last request: 0.648739 seconds.
  path: Assets/HQ Rocks/Materials
  artifactKey: Guid(0c327975593c7f646af9e82178845297) Importer(815301076,1909f56bfc062723c751e8b465ee728b)
Start importing Assets/HQ Rocks/Materials using Guid(0c327975593c7f646af9e82178845297) Importer(815301076,1909f56bfc062723c751e8b465ee728b)  -> (artifact id: 'bcf19c25335a1bb19b4fd4518fc1ea50') in 0.000954 seconds
Number of updated asset objects reloaded before import = 0
Number of asset objects unloaded after import = 0
========================================================================
Received Import Request.
  Time since last request: 0.064403 seconds.
  path: Assets/HQ Rocks/Materials/Rock_1_v1.mat
  artifactKey: Guid(11b7c555aef6f7e4686605bfe0fa2231) Importer(815301076,1909f56bfc062723c751e8b465ee728b)
Start importing Assets/HQ Rocks/Materials/Rock_1_v1.mat using Guid(11b7c555aef6f7e4686605bfe0fa2231) Importer(815301076,1909f56bfc062723c751e8b465ee728b)  -> (artifact id: 'e2c9ce072d0ac781255050d869a9f22e') in 0.717904 seconds
Number of updated asset objects reloaded before import = 0
Number of asset objects unloaded after import = 5
========================================================================
Received Import Request.
  Time since last request: 0.000044 seconds.
  path: Assets/HQ Rocks/Materials/Rock_5_v3.mat
  artifactKey: Guid(64d7f4fe6f9e4a4499c17957f49e0533) Importer(815301076,1909f56bfc062723c751e8b465ee728b)
Start importing Assets/HQ Rocks/Materials/Rock_5_v3.mat using Guid(64d7f4fe6f9e4a4499c17957f49e0533) Importer(815301076,1909f56bfc062723c751e8b465ee728b)  -> (artifact id: '73f66fa64694a178814d56df1aa8e2ad') in 0.096271 seconds
Number of updated asset objects reloaded before import = 0
Number of asset objects unloaded after import = 5
========================================================================
Received Import Request.
  Time since last request: 0.000059 seconds.
  path: Assets/HQ Rocks/Materials/Rock_4_v1.mat
  artifactKey: Guid(ed6aca2075466c0419d48e0cd48ab1fa) Importer(815301076,1909f56bfc062723c751e8b465ee728b)
Start importing Assets/HQ Rocks/Materials/Rock_4_v1.mat using Guid(ed6aca2075466c0419d48e0cd48ab1fa) Importer(815301076,1909f56bfc062723c751e8b465ee728b)  -> (artifact id: 'fc1241ee0970bc60624f85863e1e4f10') in 0.083460 seconds
Number of updated asset objects reloaded before import = 0
Number of asset objects unloaded after import = 5
========================================================================
Received Import Request.
  Time since last request: 0.000034 seconds.
  path: Assets/HQ Rocks/Materials/Rock_8_v2.mat
  artifactKey: Guid(6a49991cc8fe4e84fbffd31c3e68624a) Importer(815301076,1909f56bfc062723c751e8b465ee728b)
Start importing Assets/HQ Rocks/Materials/Rock_8_v2.mat using Guid(6a49991cc8fe4e84fbffd31c3e68624a) Importer(815301076,1909f56bfc062723c751e8b465ee728b)  -> (artifact id: 'e552a8770694302e5851084c0709db36') in 0.080023 seconds
Number of updated asset objects reloaded before import = 0
Number of asset objects unloaded after import = 5
========================================================================
Received Import Request.
  Time since last request: 0.000063 seconds.
  path: Assets/HQ Rocks/Materials/Rock_5_v2.mat
  artifactKey: Guid(0f30ad5c9322b5f499e78c9ab3f3ba64) Importer(815301076,1909f56bfc062723c751e8b465ee728b)
Start importing Assets/HQ Rocks/Materials/Rock_5_v2.mat using Guid(0f30ad5c9322b5f499e78c9ab3f3ba64) Importer(815301076,1909f56bfc062723c751e8b465ee728b)  -> (artifact id: 'c3fee893eac52d26f9060a548db231e7') in 0.072193 seconds
Number of updated asset objects reloaded before import = 0
Number of asset objects unloaded after import = 5
========================================================================
Received Import Request.
  Time since last request: 0.000065 seconds.
  path: Assets/HQ Rocks/Materials/Rock_2_v3.mat
  artifactKey: Guid(6b048b9d2cc575347ba8626e519f622a) Importer(815301076,1909f56bfc062723c751e8b465ee728b)
Start importing Assets/HQ Rocks/Materials/Rock_2_v3.mat using Guid(6b048b9d2cc575347ba8626e519f622a) Importer(815301076,1909f56bfc062723c751e8b465ee728b)  -> (artifact id: 'e65f88dbff62b7a9f9ed42e86283cd08') in 0.109953 seconds
Number of updated asset objects reloaded before import = 0
Number of asset objects unloaded after import = 5
========================================================================
Received Import Request.
  Time since last request: 0.000104 seconds.
  path: Assets/HQ Rocks/Materials/Rock_7_v2.mat
  artifactKey: Guid(81e03b5a43e2be8429b14acf989293d8) Importer(815301076,1909f56bfc062723c751e8b465ee728b)
Start importing Assets/HQ Rocks/Materials/Rock_7_v2.mat using Guid(81e03b5a43e2be8429b14acf989293d8) Importer(815301076,1909f56bfc062723c751e8b465ee728b)  -> (artifact id: 'a125f53a23d1da54bc0e65da1db0ec18') in 0.090013 seconds
Number of updated asset objects reloaded before import = 0
Number of asset objects unloaded after import = 5
========================================================================
Received Import Request.
  Time since last request: 0.000060 seconds.
  path: Assets/HQ Rocks/Materials/Rock_4_v2.mat
  artifactKey: Guid(9e8603744d80c38449d8c90389d29f37) Importer(815301076,1909f56bfc062723c751e8b465ee728b)
Start importing Assets/HQ Rocks/Materials/Rock_4_v2.mat using Guid(9e8603744d80c38449d8c90389d29f37) Importer(815301076,1909f56bfc062723c751e8b465ee728b)  -> (artifact id: '56ce69cc2be2a4f685e7f58d6a61241d') in 0.090870 seconds
Number of updated asset objects reloaded before import = 0
Number of asset objects unloaded after import = 5
========================================================================
Received Import Request.
  Time since last request: 0.000054 seconds.
  path: Assets/HQ Rocks/Materials/Rock_4_v3.mat
  artifactKey: Guid(2d2b1872ecc5c9c4888c2fea0fcee915) Importer(815301076,1909f56bfc062723c751e8b465ee728b)
Start importing Assets/HQ Rocks/Materials/Rock_4_v3.mat using Guid(2d2b1872ecc5c9c4888c2fea0fcee915) Importer(815301076,1909f56bfc062723c751e8b465ee728b)  -> (artifact id: '4d7b0249c7ab4a9f297b79cb2a66712e') in 0.080370 seconds
Number of updated asset objects reloaded before import = 0
Number of asset objects unloaded after import = 5
========================================================================
Received Import Request.
  Time since last request: 0.000080 seconds.
  path: Assets/HQ Rocks/Materials/Rock_2_v2.mat
  artifactKey: Guid(692e8e70c9145cb44834c4ea265048c8) Importer(815301076,1909f56bfc062723c751e8b465ee728b)
Start importing Assets/HQ Rocks/Materials/Rock_2_v2.mat using Guid(692e8e70c9145cb44834c4ea265048c8) Importer(815301076,1909f56bfc062723c751e8b465ee728b)  -> (artifact id: '55939c1296bd5a594eed5937479dd206') in 0.118829 seconds
Number of updated asset objects reloaded before import = 0
Number of asset objects unloaded after import = 5
========================================================================
Received Import Request.
  Time since last request: 0.000041 seconds.
  path: Assets/HQ Rocks/Materials/Rock_6_v3.mat
  artifactKey: Guid(396e9633f2b320e47a7cef33f7baaaaf) Importer(815301076,1909f56bfc062723c751e8b465ee728b)
Start importing Assets/HQ Rocks/Materials/Rock_6_v3.mat using Guid(396e9633f2b320e47a7cef33f7baaaaf) Importer(815301076,1909f56bfc062723c751e8b465ee728b)  -> (artifact id: '0351cd0a650fdb24492a0090f6534576') in 0.084022 seconds
Number of updated asset objects reloaded before import = 0
Number of asset objects unloaded after import = 5
========================================================================
Received Import Request.
  Time since last request: 0.000049 seconds.
  path: Assets/HQ Rocks/Materials/Rock_8_v1.mat
  artifactKey: Guid(093b3ae101b2ce64385a61e697112edc) Importer(815301076,1909f56bfc062723c751e8b465ee728b)
Start importing Assets/HQ Rocks/Materials/Rock_8_v1.mat using Guid(093b3ae101b2ce64385a61e697112edc) Importer(815301076,1909f56bfc062723c751e8b465ee728b)  -> (artifact id: '4699910b1d9ce9bbf1a6822c5f1730a7') in 0.073242 seconds
Number of updated asset objects reloaded before import = 0
Number of asset objects unloaded after import = 5
========================================================================
Received Import Request.
  Time since last request: 0.000039 seconds.
  path: Assets/HQ Rocks/Materials/Rock_6_v1.mat
  artifactKey: Guid(c4714f410b83e934eb039b51cf7cd0a3) Importer(815301076,1909f56bfc062723c751e8b465ee728b)
Start importing Assets/HQ Rocks/Materials/Rock_6_v1.mat using Guid(c4714f410b83e934eb039b51cf7cd0a3) Importer(815301076,1909f56bfc062723c751e8b465ee728b)  -> (artifact id: '757362ead3ccbd0b77fe60868af0456c') in 0.075631 seconds
Number of updated asset objects reloaded before import = 0
Number of asset objects unloaded after import = 5
========================================================================
Received Import Request.
  Time since last request: 4.725411 seconds.
  path: Assets/HQ Rocks/Meshes/Rock_1.fbx
  artifactKey: Guid(e70d76961f2b02347b3be8ddaeb2ec94) Importer(815301076,1909f56bfc062723c751e8b465ee728b)
Start importing Assets/HQ Rocks/Meshes/Rock_1.fbx using Guid(e70d76961f2b02347b3be8ddaeb2ec94) Importer(815301076,1909f56bfc062723c751e8b465ee728b)  -> (artifact id: '5fa17c8089c3ab7abc5f6cfbd3871026') in 0.043278 seconds
Number of updated asset objects reloaded before import = 0
Number of asset objects unloaded after import = 8
========================================================================
Received Import Request.
  Time since last request: 0.000052 seconds.
  path: Assets/HQ Rocks/Meshes/Rock_7.fbx
  artifactKey: Guid(44c3a5061f1ce164e8dff64065899db0) Importer(815301076,1909f56bfc062723c751e8b465ee728b)
Start importing Assets/HQ Rocks/Meshes/Rock_7.fbx using Guid(44c3a5061f1ce164e8dff64065899db0) Importer(815301076,1909f56bfc062723c751e8b465ee728b)  -> (artifact id: 'a6daab39bbc37d549245ce99dd4e1984') in 0.032100 seconds
Number of updated asset objects reloaded before import = 0
Number of asset objects unloaded after import = 8
========================================================================
Received Import Request.
  Time since last request: 0.000028 seconds.
  path: Assets/HQ Rocks/Meshes/Rock_5.fbx
  artifactKey: Guid(69d378514c7a1224e80c358807878ee9) Importer(815301076,1909f56bfc062723c751e8b465ee728b)
Start importing Assets/HQ Rocks/Meshes/Rock_5.fbx using Guid(69d378514c7a1224e80c358807878ee9) Importer(815301076,1909f56bfc062723c751e8b465ee728b)  -> (artifact id: 'de8b841aaebb8a6ae0b1fc395d4a2ac1') in 0.032711 seconds
Number of updated asset objects reloaded before import = 0
Number of asset objects unloaded after import = 8
========================================================================
Received Import Request.
  Time since last request: 0.000024 seconds.
  path: Assets/HQ Rocks/Meshes/Rock_8.fbx
  artifactKey: Guid(676244e56adbb7948bdadf9f9c1a32dd) Importer(815301076,1909f56bfc062723c751e8b465ee728b)
Start importing Assets/HQ Rocks/Meshes/Rock_8.fbx using Guid(676244e56adbb7948bdadf9f9c1a32dd) Importer(815301076,1909f56bfc062723c751e8b465ee728b)  -> (artifact id: 'b79c5213b5ce92b7d0338b03c01820b0') in 0.029905 seconds
Number of updated asset objects reloaded before import = 0
Number of asset objects unloaded after import = 8
========================================================================
Received Import Request.
  Time since last request: 0.582355 seconds.
  path: Assets/HQ Rocks/Prefabs/Rock_1_v1.prefab
  artifactKey: Guid(607de841ee73a2f438b88121ff782aab) Importer(815301076,1909f56bfc062723c751e8b465ee728b)
Start importing Assets/HQ Rocks/Prefabs/Rock_1_v1.prefab using Guid(607de841ee73a2f438b88121ff782aab) Importer(815301076,1909f56bfc062723c751e8b465ee728b)  -> (artifact id: '848c508c00a188b4c3e48c7ee44bd944') in 0.118136 seconds
Number of updated asset objects reloaded before import = 0
Number of asset objects unloaded after import = 12
========================================================================
Received Import Request.
  Time since last request: 0.000039 seconds.
  path: Assets/HQ Rocks/Prefabs/Rock_3_v1.prefab
  artifactKey: Guid(f16233010ebf24c4d84125d39b62e7cf) Importer(815301076,1909f56bfc062723c751e8b465ee728b)
Start importing Assets/HQ Rocks/Prefabs/Rock_3_v1.prefab using Guid(f16233010ebf24c4d84125d39b62e7cf) Importer(815301076,1909f56bfc062723c751e8b465ee728b)  -> (artifact id: 'd701dd8e99ea239071cc030050182223') in 0.089135 seconds
Number of updated asset objects reloaded before import = 0
Number of asset objects unloaded after import = 12
========================================================================
Received Import Request.
  Time since last request: 0.000048 seconds.
  path: Assets/HQ Rocks/Prefabs/Rock_5_v1.prefab
  artifactKey: Guid(a588cde2753267a4abc15bc1d99c34a0) Importer(815301076,1909f56bfc062723c751e8b465ee728b)
Start importing Assets/HQ Rocks/Prefabs/Rock_5_v1.prefab using Guid(a588cde2753267a4abc15bc1d99c34a0) Importer(815301076,1909f56bfc062723c751e8b465ee728b)  -> (artifact id: 'd893b6f50211c4a737dd39944ab155b0') in 0.080187 seconds
Number of updated asset objects reloaded before import = 0
Number of asset objects unloaded after import = 12
========================================================================
Received Import Request.
  Time since last request: 0.000036 seconds.
  path: Assets/HQ Rocks/Prefabs/Rock_4_v3.prefab
  artifactKey: Guid(6016dfcbc2766ee489b4e167fefaa52e) Importer(815301076,1909f56bfc062723c751e8b465ee728b)
Start importing Assets/HQ Rocks/Prefabs/Rock_4_v3.prefab using Guid(6016dfcbc2766ee489b4e167fefaa52e) Importer(815301076,1909f56bfc062723c751e8b465ee728b)  -> (artifact id: 'd68ba2440cc78358053eab363e30e7b5') in 0.081885 seconds
Number of updated asset objects reloaded before import = 0
Number of asset objects unloaded after import = 12
========================================================================
Received Import Request.
  Time since last request: 0.000050 seconds.
  path: Assets/HQ Rocks/Prefabs/Rock_4_v2.prefab
  artifactKey: Guid(de892961699368d45aa49a628bd44ab3) Importer(815301076,1909f56bfc062723c751e8b465ee728b)
Start importing Assets/HQ Rocks/Prefabs/Rock_4_v2.prefab using Guid(de892961699368d45aa49a628bd44ab3) Importer(815301076,1909f56bfc062723c751e8b465ee728b)  -> (artifact id: 'd2633b61b0a000716ef731bc370f3ec0') in 0.088380 seconds
Number of updated asset objects reloaded before import = 0
Number of asset objects unloaded after import = 12
========================================================================
Received Import Request.
  Time since last request: 0.000046 seconds.
  path: Assets/HQ Rocks/Prefabs/Rock_4_v1.prefab
  artifactKey: Guid(2d8a662c7d04e15478181f97844f155a) Importer(815301076,1909f56bfc062723c751e8b465ee728b)
Start importing Assets/HQ Rocks/Prefabs/Rock_4_v1.prefab using Guid(2d8a662c7d04e15478181f97844f155a) Importer(815301076,1909f56bfc062723c751e8b465ee728b)  -> (artifact id: '24bb7b12cbb1a8bcdf81fd461e4eb446') in 0.093243 seconds
Number of updated asset objects reloaded before import = 0
Number of asset objects unloaded after import = 12
========================================================================
Received Import Request.
  Time since last request: 0.000091 seconds.
  path: Assets/HQ Rocks/Prefabs/Rock_1_v3.prefab
  artifactKey: Guid(10002675cafa69647a631734c4c318f5) Importer(815301076,1909f56bfc062723c751e8b465ee728b)
Start importing Assets/HQ Rocks/Prefabs/Rock_1_v3.prefab using Guid(10002675cafa69647a631734c4c318f5) Importer(815301076,1909f56bfc062723c751e8b465ee728b)  -> (artifact id: '3f46e7ae6d7289536619a9cd4707e34e') in 0.106868 seconds
Number of updated asset objects reloaded before import = 0
Number of asset objects unloaded after import = 12
========================================================================
Received Import Request.
  Time since last request: 0.000029 seconds.
  path: Assets/HQ Rocks/Prefabs/Rock_7_v2.prefab
  artifactKey: Guid(51acb12fc3c85e740b23941a9febddef) Importer(815301076,1909f56bfc062723c751e8b465ee728b)
Start importing Assets/HQ Rocks/Prefabs/Rock_7_v2.prefab using Guid(51acb12fc3c85e740b23941a9febddef) Importer(815301076,1909f56bfc062723c751e8b465ee728b)  -> (artifact id: '9aad6362a953d2c65e928588790d85ad') in 0.082656 seconds
Number of updated asset objects reloaded before import = 0
Number of asset objects unloaded after import = 12
========================================================================
Received Import Request.
  Time since last request: 0.000030 seconds.
  path: Assets/HQ Rocks/Prefabs/Rock_6_v3.prefab
  artifactKey: Guid(f19658f215550b6499a085fa969998c2) Importer(815301076,1909f56bfc062723c751e8b465ee728b)
Start importing Assets/HQ Rocks/Prefabs/Rock_6_v3.prefab using Guid(f19658f215550b6499a085fa969998c2) Importer(815301076,1909f56bfc062723c751e8b465ee728b)  -> (artifact id: '144022050d6477602ccb0ddd23bef454') in 0.089222 seconds
Number of updated asset objects reloaded before import = 0
Number of asset objects unloaded after import = 12
========================================================================
Received Import Request.
  Time since last request: 0.000066 seconds.
  path: Assets/HQ Rocks/Prefabs/Rock_6_v1.prefab
  artifactKey: Guid(c4e08389932df3947bcca85153074d8f) Importer(815301076,1909f56bfc062723c751e8b465ee728b)
Start importing Assets/HQ Rocks/Prefabs/Rock_6_v1.prefab using Guid(c4e08389932df3947bcca85153074d8f) Importer(815301076,1909f56bfc062723c751e8b465ee728b)  -> (artifact id: '8209bc6b9edc37e0f797bc9c9992cfa2') in 0.097753 seconds
Number of updated asset objects reloaded before import = 0
Number of asset objects unloaded after import = 12
========================================================================
Received Import Request.
  Time since last request: 0.000091 seconds.
  path: Assets/HQ Rocks/Prefabs/Rock_5_v3.prefab
  artifactKey: Guid(0aba4a10df8ca7446ac50f5eb14de00c) Importer(815301076,1909f56bfc062723c751e8b465ee728b)
Start importing Assets/HQ Rocks/Prefabs/Rock_5_v3.prefab using Guid(0aba4a10df8ca7446ac50f5eb14de00c) Importer(815301076,1909f56bfc062723c751e8b465ee728b)  -> (artifact id: 'acfd038349214fa01fa7ad528199f6d5') in 0.085175 seconds
Number of updated asset objects reloaded before import = 0
Number of asset objects unloaded after import = 12
========================================================================
Received Import Request.
  Time since last request: 0.000037 seconds.
  path: Assets/HQ Rocks/Prefabs/Rock_7_v1.prefab
  artifactKey: Guid(4b657cd7d8676734cb5c33ff6eeb7fdd) Importer(815301076,1909f56bfc062723c751e8b465ee728b)
Start importing Assets/HQ Rocks/Prefabs/Rock_7_v1.prefab using Guid(4b657cd7d8676734cb5c33ff6eeb7fdd) Importer(815301076,1909f56bfc062723c751e8b465ee728b)  -> (artifact id: '38eceb49895746a7dea762d83fc3055c') in 0.077887 seconds
Number of updated asset objects reloaded before import = 0
Number of asset objects unloaded after import = 12
========================================================================
Received Import Request.
  Time since last request: 160.757746 seconds.
  path: Assets/HQ Rocks
  artifactKey: Guid(6fcde908a8af9864c8c324950ba6f41b) Importer(815301076,1909f56bfc062723c751e8b465ee728b)
Start importing Assets/HQ Rocks using Guid(6fcde908a8af9864c8c324950ba6f41b) Importer(815301076,1909f56bfc062723c751e8b465ee728b)  -> (artifact id: '79f55b2167c7b391e8914fb104052b52') in 0.000883 seconds
Number of updated asset objects reloaded before import = 0
Number of asset objects unloaded after import = 0
========================================================================
Received Import Request.
  Time since last request: 2.579339 seconds.
  path: Assets/HQ Rocks/Prefabs
  artifactKey: Guid(9c7de4cb3afa137498e0116f9ed3cf22) Importer(815301076,1909f56bfc062723c751e8b465ee728b)
Start importing Assets/HQ Rocks/Prefabs using Guid(9c7de4cb3afa137498e0116f9ed3cf22) Importer(815301076,1909f56bfc062723c751e8b465ee728b)  -> (artifact id: 'd59a95aa1f5702ce4c815503beee869f') in 0.000592 seconds
Number of updated asset objects reloaded before import = 0
Number of asset objects unloaded after import = 0
========================================================================
Received Import Request.
  Time since last request: 238.661222 seconds.
  path: Assets
  artifactKey: Guid(00000000000000001000000000000000) Importer(815301076,1909f56bfc062723c751e8b465ee728b)
Start importing Assets using Guid(00000000000000001000000000000000) Importer(815301076,1909f56bfc062723c751e8b465ee728b)  -> (artifact id: '8a4fe85251aa2e89732c359432baa2c3') in 0.004374 seconds
Number of updated asset objects reloaded before import = 0
Number of asset objects unloaded after import = 0
========================================================================
Received Import Request.
  Time since last request: 9.044637 seconds.
  path: Assets/skybox.mat
  artifactKey: Guid(54279020d690db14d9c76d421a8c184e) Importer(815301076,1909f56bfc062723c751e8b465ee728b)
Start importing Assets/skybox.mat using Guid(54279020d690db14d9c76d421a8c184e) Importer(815301076,1909f56bfc062723c751e8b465ee728b)  -> (artifact id: '7e23db74a6732075c692e80660edfd03') in 0.200441 seconds
Number of updated asset objects reloaded before import = 0
Number of asset objects unloaded after import = 1
========================================================================
Received Import Request.
  Time since last request: 813.250215 seconds.
  path: Assets/HQ Rocks/Meshes/Materials/Rock_1.mat
  artifactKey: Guid(4ff90f019daf1514bb7a9a9dab1aa01c) Importer(815301076,1909f56bfc062723c751e8b465ee728b)
Start importing Assets/HQ Rocks/Meshes/Materials/Rock_1.mat using Guid(4ff90f019daf1514bb7a9a9dab1aa01c) Importer(815301076,1909f56bfc062723c751e8b465ee728b)  -> (artifact id: 'be4c5a19e0b5fa11acb5a4c2ff8f541a') in 0.054600 seconds
Number of updated asset objects reloaded before import = 0
Number of asset objects unloaded after import = 1
========================================================================
Received Import Request.
  Time since last request: 2.637145 seconds.
  path: Assets/HQ Rocks/Meshes/Materials/Rock_3.mat
  artifactKey: Guid(b12e8dc6f6c4e114ebc68f3530c000e8) Importer(815301076,1909f56bfc062723c751e8b465ee728b)
Start importing Assets/HQ Rocks/Meshes/Materials/Rock_3.mat using Guid(b12e8dc6f6c4e114ebc68f3530c000e8) Importer(815301076,1909f56bfc062723c751e8b465ee728b)  -> (artifact id: 'f0ade90cb0798c20bc9b727c23bd28cc') in 0.052634 seconds
Number of updated asset objects reloaded before import = 0
Number of asset objects unloaded after import = 1
========================================================================
Received Import Request.
  Time since last request: 1.689112 seconds.
  path: Assets/HQ Rocks/Meshes/Materials/Rock_4.mat
  artifactKey: Guid(521274b7b289c8f4cb0b957bab393354) Importer(815301076,1909f56bfc062723c751e8b465ee728b)
Start importing Assets/HQ Rocks/Meshes/Materials/Rock_4.mat using Guid(521274b7b289c8f4cb0b957bab393354) Importer(815301076,1909f56bfc062723c751e8b465ee728b)  -> (artifact id: 'cc901e9b62ba448f98d693176ace4583') in 0.021335 seconds
Number of updated asset objects reloaded before import = 0
Number of asset objects unloaded after import = 1
========================================================================
Received Import Request.
  Time since last request: 0.031514 seconds.
  path: Assets/HQ Rocks/Meshes/Materials/Rock_5.mat
  artifactKey: Guid(65b33e253715dab4badbce6697a88a12) Importer(815301076,1909f56bfc062723c751e8b465ee728b)
Start importing Assets/HQ Rocks/Meshes/Materials/Rock_5.mat using Guid(65b33e253715dab4badbce6697a88a12) Importer(815301076,1909f56bfc062723c751e8b465ee728b)  -> (artifact id: '79151ca85206b6e75651f9223544a536') in 0.019481 seconds
Number of updated asset objects reloaded before import = 0
Number of asset objects unloaded after import = 1
========================================================================
Received Import Request.
  Time since last request: 0.966489 seconds.
  path: Assets/HQ Rocks/Meshes/Materials/Rock_6.mat
  artifactKey: Guid(ce4ff2b6a3f5245448bb9f50634eaba2) Importer(815301076,1909f56bfc062723c751e8b465ee728b)
Start importing Assets/HQ Rocks/Meshes/Materials/Rock_6.mat using Guid(ce4ff2b6a3f5245448bb9f50634eaba2) Importer(815301076,1909f56bfc062723c751e8b465ee728b)  -> (artifact id: '47d99a47c0a077413389c7253a35c7af') in 0.092113 seconds
Number of updated asset objects reloaded before import = 0
Number of asset objects unloaded after import = 1
========================================================================
Received Import Request.
  Time since last request: 0.936662 seconds.
  path: Assets/HQ Rocks/Meshes/Materials/Rock_7.mat
  artifactKey: Guid(12cb791d525972f47a1b49d2b5f7a6dd) Importer(815301076,1909f56bfc062723c751e8b465ee728b)
Start importing Assets/HQ Rocks/Meshes/Materials/Rock_7.mat using Guid(12cb791d525972f47a1b49d2b5f7a6dd) Importer(815301076,1909f56bfc062723c751e8b465ee728b)  -> (artifact id: 'c360be8bf44b06432304925265f9b256') in 0.048676 seconds
Number of updated asset objects reloaded before import = 0
Number of asset objects unloaded after import = 1
========================================================================
Received Import Request.
  Time since last request: 0.009068 seconds.
  path: Assets/HQ Rocks/Meshes/Materials/Rock_8.mat
  artifactKey: Guid(4622d8cde9a72e240addefccb698b0d2) Importer(815301076,1909f56bfc062723c751e8b465ee728b)
Start importing Assets/HQ Rocks/Meshes/Materials/Rock_8.mat using Guid(4622d8cde9a72e240addefccb698b0d2) Importer(815301076,1909f56bfc062723c751e8b465ee728b)  -> (artifact id: 'b954af45338804f17d189be2c8c5e3b8') in 0.021541 seconds
Number of updated asset objects reloaded before import = 0
Number of asset objects unloaded after import = 1
